# To enable ws completions for this session, run:
fpath=("/Users/bahram/.local/share/zsh/site-functions" $fpath)
autoload -U compinit && compinit
# To enable permanently, add the above lines to your ~/.zshrc
DEBUG: list_notes API called
DEBUG: EntityManager::list_notes called
DEBUG: notes::list_all returned 8 notes
DEBUG: list_notes returning 8 notes
DEBUG: About to get features for project: proj-f074bed6
DEBUG: EntityManager::get_features_by_project called with project_id: proj-f074bed6
DEBUG: crud::features::get_by_project called with project_id: proj-f074bed6
DEBUG: SQL query succeeded, fetched 10 features
DEBUG: crud::features::get_by_project returned 10 features
DEBUG: Successfully loaded 10 features
DEBUG: EntityManager::get_tasks_by_project called with project_id: proj-f074bed6
DEBUG: crud::tasks::get_by_project called with project_id: proj-f074bed6
DEBUG: SQL query succeeded, fetched 10 tasks
DEBUG: crud::tasks::get_by_project returned 10 tasks
DEBUG: list_notes API called
DEBUG: EntityManager::list_notes called
DEBUG: About to get features for project: proj-f074bed6
DEBUG: EntityManager::get_features_by_project called with project_id: proj-f074bed6
DEBUG: crud::features::get_by_project called with project_id: proj-f074bed6
DEBUG: notes::list_all returned 8 notes
DEBUG: list_notes returning 8 notes
DEBUG: SQL query succeeded, fetched 10 features
DEBUG: crud::features::get_by_project returned 10 features
DEBUG: Successfully loaded 10 features
DEBUG: EntityManager::get_tasks_by_project called with project_id: proj-f074bed6
DEBUG: crud::tasks::get_by_project called with project_id: proj-f074bed6
DEBUG: SQL query succeeded, fetched 10 tasks
DEBUG: crud::tasks::get_by_project returned 10 tasks
DEBUG: list_notes API called
DEBUG: EntityManager::list_notes called
DEBUG: notes::list_all returned 8 notes
DEBUG: list_notes returning 8 notes
DEBUG: About to get features for project: proj-f074bed6
DEBUG: EntityManager::get_features_by_project called with project_id: proj-f074bed6
DEBUG: crud::features::get_by_project called with project_id: proj-f074bed6
DEBUG: SQL query succeeded, fetched 10 features
DEBUG: crud::features::get_by_project returned 10 features
DEBUG: Successfully loaded 10 features
DEBUG: EntityManager::get_tasks_by_project called with project_id: proj-f074bed6
DEBUG: crud::tasks::get_by_project called with project_id: proj-f074bed6
DEBUG: SQL query succeeded, fetched 10 tasks
DEBUG: crud::tasks::get_by_project returned 10 tasks
DEBUG: list_notes API called
DEBUG: EntityManager::list_notes called
DEBUG: About to get features for project: proj-f074bed6
DEBUG: EntityManager::get_features_by_project called with project_id: proj-f074bed6
DEBUG: crud::features::get_by_project called with project_id: proj-f074bed6
DEBUG: notes::list_all returned 8 notes
DEBUG: list_notes returning 8 notes
DEBUG: SQL query succeeded, fetched 10 features
DEBUG: crud::features::get_by_project returned 10 features
DEBUG: Successfully loaded 10 features
DEBUG: EntityManager::get_tasks_by_project called with project_id: proj-f074bed6
DEBUG: crud::tasks::get_by_project called with project_id: proj-f074bed6
DEBUG: SQL query succeeded, fetched 10 tasks
DEBUG: crud::tasks::get_by_project returned 10 tasks
DEBUG: list_notes API called
DEBUG: EntityManager::list_notes called
DEBUG: About to get features for project: proj-f074bed6
DEBUG: EntityManager::get_features_by_project called with project_id: proj-f074bed6
DEBUG: crud::features::get_by_project called with project_id: proj-f074bed6
DEBUG: notes::list_all returned 8 notes
DEBUG: list_notes returning 8 notes
DEBUG: SQL query succeeded, fetched 10 features
DEBUG: crud::features::get_by_project returned 10 features
DEBUG: Successfully loaded 10 features
DEBUG: EntityManager::get_tasks_by_project called with project_id: proj-f074bed6
DEBUG: crud::tasks::get_by_project called with project_id: proj-f074bed6
DEBUG: SQL query succeeded, fetched 10 tasks
DEBUG: crud::tasks::get_by_project returned 10 tasks
DEBUG: list_notes API called
DEBUG: EntityManager::list_notes called
DEBUG: About to get features for project: proj-f074bed6
DEBUG: EntityManager::get_features_by_project called with project_id: proj-f074bed6
DEBUG: crud::features::get_by_project called with project_id: proj-f074bed6
DEBUG: notes::list_all returned 8 notes
DEBUG: list_notes returning 8 notes
DEBUG: SQL query succeeded, fetched 10 features
DEBUG: crud::features::get_by_project returned 10 features
DEBUG: Successfully loaded 10 features
DEBUG: EntityManager::get_tasks_by_project called with project_id: proj-f074bed6
DEBUG: crud::tasks::get_by_project called with project_id: proj-f074bed6
DEBUG: SQL query succeeded, fetched 10 tasks
DEBUG: crud::tasks::get_by_project returned 10 tasks
DEBUG: list_notes API called
DEBUG: EntityManager::list_notes called
DEBUG: About to get features for project: proj-f074bed6
DEBUG: EntityManager::get_features_by_project called with project_id: proj-f074bed6
DEBUG: crud::features::get_by_project called with project_id: proj-f074bed6
DEBUG: notes::list_all returned 8 notes
DEBUG: list_notes returning 8 notes
DEBUG: SQL query succeeded, fetched 10 features
DEBUG: crud::features::get_by_project returned 10 features
DEBUG: Successfully loaded 10 features
DEBUG: EntityManager::get_tasks_by_project called with project_id: proj-f074bed6
DEBUG: crud::tasks::get_by_project called with project_id: proj-f074bed6
DEBUG: SQL query succeeded, fetched 10 tasks
DEBUG: crud::tasks::get_by_project returned 10 tasks
DEBUG: list_notes API called
DEBUG: EntityManager::list_notes called
DEBUG: notes::list_all returned 8 notes
DEBUG: list_notes returning 8 notes
DEBUG: About to get features for project: proj-f074bed6
DEBUG: EntityManager::get_features_by_project called with project_id: proj-f074bed6
DEBUG: crud::features::get_by_project called with project_id: proj-f074bed6
DEBUG: SQL query succeeded, fetched 10 features
DEBUG: crud::features::get_by_project returned 10 features
DEBUG: Successfully loaded 10 features
DEBUG: EntityManager::get_tasks_by_project called with project_id: proj-f074bed6
DEBUG: crud::tasks::get_by_project called with project_id: proj-f074bed6
DEBUG: SQL query succeeded, fetched 10 tasks
DEBUG: crud::tasks::get_by_project returned 10 tasks
DEBUG: list_notes API called
DEBUG: EntityManager::list_notes called
DEBUG: notes::list_all returned 8 notes
DEBUG: list_notes returning 8 notes
DEBUG: About to get features for project: proj-f074bed6
DEBUG: EntityManager::get_features_by_project called with project_id: proj-f074bed6
DEBUG: crud::features::get_by_project called with project_id: proj-f074bed6
DEBUG: SQL query succeeded, fetched 10 features
DEBUG: crud::features::get_by_project returned 10 features
DEBUG: Successfully loaded 10 features
DEBUG: EntityManager::get_tasks_by_project called with project_id: proj-f074bed6
DEBUG: crud::tasks::get_by_project called with project_id: proj-f074bed6
DEBUG: SQL query succeeded, fetched 10 tasks
DEBUG: crud::tasks::get_by_project returned 10 tasks
DEBUG: list_notes API called
DEBUG: EntityManager::list_notes called
DEBUG: About to get features for project: proj-f074bed6
DEBUG: EntityManager::get_features_by_project called with project_id: proj-f074bed6
DEBUG: crud::features::get_by_project called with project_id: proj-f074bed6
DEBUG: notes::list_all returned 8 notes
DEBUG: list_notes returning 8 notes
DEBUG: SQL query succeeded, fetched 10 features
DEBUG: crud::features::get_by_project returned 10 features
DEBUG: Successfully loaded 10 features
DEBUG: EntityManager::get_tasks_by_project called with project_id: proj-f074bed6
DEBUG: crud::tasks::get_by_project called with project_id: proj-f074bed6
DEBUG: SQL query succeeded, fetched 10 tasks
DEBUG: crud::tasks::get_by_project returned 10 tasks
DEBUG: list_notes API called
DEBUG: EntityManager::list_notes called
DEBUG: About to get features for project: proj-f074bed6
DEBUG: EntityManager::get_features_by_project called with project_id: proj-f074bed6
DEBUG: crud::features::get_by_project called with project_id: proj-f074bed6
DEBUG: SQL query succeeded, fetched 10 features
DEBUG: crud::features::get_by_project returned 10 features
DEBUG: Successfully loaded 10 features
DEBUG: EntityManager::get_tasks_by_project called with project_id: proj-f074bed6
DEBUG: crud::tasks::get_by_project called with project_id: proj-f074bed6
DEBUG: notes::list_all returned 8 notes
DEBUG: list_notes returning 8 notes
DEBUG: SQL query succeeded, fetched 10 tasks
DEBUG: crud::tasks::get_by_project returned 10 tasks
DEBUG: list_notes API called
DEBUG: EntityManager::list_notes called
DEBUG: About to get features for project: proj-f074bed6
DEBUG: EntityManager::get_features_by_project called with project_id: proj-f074bed6
DEBUG: crud::features::get_by_project called with project_id: proj-f074bed6
DEBUG: notes::list_all returned 8 notes
DEBUG: list_notes returning 8 notes
DEBUG: SQL query succeeded, fetched 10 features
DEBUG: crud::features::get_by_project returned 10 features
DEBUG: Successfully loaded 10 features
DEBUG: EntityManager::get_tasks_by_project called with project_id: proj-f074bed6
DEBUG: crud::tasks::get_by_project called with project_id: proj-f074bed6
DEBUG: SQL query succeeded, fetched 10 tasks
DEBUG: crud::tasks::get_by_project returned 10 tasks
DEBUG: list_notes API called
DEBUG: EntityManager::list_notes called
DEBUG: notes::list_all returned 8 notes
DEBUG: list_notes returning 8 notes
DEBUG: About to get features for project: proj-f074bed6
DEBUG: EntityManager::get_features_by_project called with project_id: proj-f074bed6
DEBUG: crud::features::get_by_project called with project_id: proj-f074bed6
DEBUG: SQL query succeeded, fetched 10 features
DEBUG: crud::features::get_by_project returned 10 features
DEBUG: Successfully loaded 10 features
DEBUG: EntityManager::get_tasks_by_project called with project_id: proj-f074bed6
DEBUG: crud::tasks::get_by_project called with project_id: proj-f074bed6
DEBUG: SQL query succeeded, fetched 10 tasks
DEBUG: crud::tasks::get_by_project returned 10 tasks
DEBUG: list_notes API called
DEBUG: EntityManager::list_notes called
DEBUG: About to get features for project: proj-f074bed6
DEBUG: EntityManager::get_features_by_project called with project_id: proj-f074bed6
DEBUG: crud::features::get_by_project called with project_id: proj-f074bed6
DEBUG: SQL query succeeded, fetched 10 features
DEBUG: crud::features::get_by_project returned 10 features
DEBUG: Successfully loaded 10 features
DEBUG: EntityManager::get_tasks_by_project called with project_id: proj-f074bed6
DEBUG: crud::tasks::get_by_project called with project_id: proj-f074bed6
DEBUG: notes::list_all returned 8 notes
DEBUG: list_notes returning 8 notes
DEBUG: SQL query succeeded, fetched 10 tasks
DEBUG: crud::tasks::get_by_project returned 10 tasks
DEBUG: list_notes API called
DEBUG: EntityManager::list_notes called
DEBUG: About to get features for project: proj-f074bed6
DEBUG: EntityManager::get_features_by_project called with project_id: proj-f074bed6
DEBUG: crud::features::get_by_project called with project_id: proj-f074bed6
DEBUG: notes::list_all returned 8 notes
DEBUG: list_notes returning 8 notes
DEBUG: SQL query succeeded, fetched 10 features
DEBUG: crud::features::get_by_project returned 10 features
DEBUG: Successfully loaded 10 features
DEBUG: EntityManager::get_tasks_by_project called with project_id: proj-f074bed6
DEBUG: crud::tasks::get_by_project called with project_id: proj-f074bed6
DEBUG: SQL query succeeded, fetched 10 tasks
DEBUG: crud::tasks::get_by_project returned 10 tasks
DEBUG: list_notes API called
DEBUG: EntityManager::list_notes called
DEBUG: About to get features for project: proj-f074bed6
DEBUG: EntityManager::get_features_by_project called with project_id: proj-f074bed6
DEBUG: crud::features::get_by_project called with project_id: proj-f074bed6
DEBUG: notes::list_all returned 8 notes
DEBUG: list_notes returning 8 notes
DEBUG: SQL query succeeded, fetched 10 features
DEBUG: crud::features::get_by_project returned 10 features
DEBUG: Successfully loaded 10 features
DEBUG: EntityManager::get_tasks_by_project called with project_id: proj-f074bed6
DEBUG: crud::tasks::get_by_project called with project_id: proj-f074bed6
DEBUG: SQL query succeeded, fetched 10 tasks
DEBUG: crud::tasks::get_by_project returned 10 tasks
DEBUG: list_notes API called
DEBUG: EntityManager::list_notes called
DEBUG: notes::list_all returned 8 notes
DEBUG: list_notes returning 8 notes
DEBUG: About to get features for project: proj-f074bed6
DEBUG: EntityManager::get_features_by_project called with project_id: proj-f074bed6
DEBUG: crud::features::get_by_project called with project_id: proj-f074bed6
DEBUG: SQL query succeeded, fetched 10 features
DEBUG: crud::features::get_by_project returned 10 features
DEBUG: Successfully loaded 10 features
DEBUG: EntityManager::get_tasks_by_project called with project_id: proj-f074bed6
DEBUG: crud::tasks::get_by_project called with project_id: proj-f074bed6
DEBUG: SQL query succeeded, fetched 10 tasks
DEBUG: crud::tasks::get_by_project returned 10 tasks
DEBUG: list_notes API called
DEBUG: EntityManager::list_notes called
DEBUG: About to get features for project: proj-f074bed6
DEBUG: EntityManager::get_features_by_project called with project_id: proj-f074bed6
DEBUG: crud::features::get_by_project called with project_id: proj-f074bed6
DEBUG: SQL query succeeded, fetched 10 features
DEBUG: crud::features::get_by_project returned 10 features
DEBUG: Successfully loaded 10 features
DEBUG: EntityManager::get_tasks_by_project called with project_id: proj-f074bed6
DEBUG: crud::tasks::get_by_project called with project_id: proj-f074bed6
DEBUG: notes::list_all returned 8 notes
DEBUG: list_notes returning 8 notes
DEBUG: SQL query succeeded, fetched 10 tasks
DEBUG: crud::tasks::get_by_project returned 10 tasks
DEBUG: list_notes API called
DEBUG: EntityManager::list_notes called
DEBUG: About to get features for project: proj-f074bed6
DEBUG: EntityManager::get_features_by_project called with project_id: proj-f074bed6
DEBUG: crud::features::get_by_project called with project_id: proj-f074bed6
DEBUG: notes::list_all returned 8 notes
DEBUG: list_notes returning 8 notes
DEBUG: SQL query succeeded, fetched 10 features
DEBUG: crud::features::get_by_project returned 10 features
DEBUG: Successfully loaded 10 features
DEBUG: EntityManager::get_tasks_by_project called with project_id: proj-f074bed6
DEBUG: crud::tasks::get_by_project called with project_id: proj-f074bed6
DEBUG: SQL query succeeded, fetched 10 tasks
DEBUG: crud::tasks::get_by_project returned 10 tasks
DEBUG: list_notes API called
DEBUG: EntityManager::list_notes called
DEBUG: notes::list_all returned 8 notes
DEBUG: list_notes returning 8 notes
DEBUG: About to get features for project: proj-f074bed6
DEBUG: EntityManager::get_features_by_project called with project_id: proj-f074bed6
DEBUG: crud::features::get_by_project called with project_id: proj-f074bed6
DEBUG: SQL query succeeded, fetched 10 features
DEBUG: crud::features::get_by_project returned 10 features
DEBUG: Successfully loaded 10 features
DEBUG: EntityManager::get_tasks_by_project called with project_id: proj-f074bed6
DEBUG: crud::tasks::get_by_project called with project_id: proj-f074bed6
DEBUG: SQL query succeeded, fetched 10 tasks
DEBUG: crud::tasks::get_by_project returned 10 tasks
DEBUG: list_notes API called
DEBUG: EntityManager::list_notes called
DEBUG: notes::list_all returned 8 notes
DEBUG: list_notes returning 8 notes
DEBUG: About to get features for project: proj-f074bed6
DEBUG: EntityManager::get_features_by_project called with project_id: proj-f074bed6
DEBUG: crud::features::get_by_project called with project_id: proj-f074bed6
DEBUG: SQL query succeeded, fetched 10 features
DEBUG: crud::features::get_by_project returned 10 features
DEBUG: Successfully loaded 10 features
DEBUG: EntityManager::get_tasks_by_project called with project_id: proj-f074bed6
DEBUG: crud::tasks::get_by_project called with project_id: proj-f074bed6
DEBUG: SQL query succeeded, fetched 10 tasks
DEBUG: crud::tasks::get_by_project returned 10 tasks
DEBUG: list_notes API called
DEBUG: EntityManager::list_notes called
DEBUG: About to get features for project: proj-f074bed6
DEBUG: EntityManager::get_features_by_project called with project_id: proj-f074bed6
DEBUG: crud::features::get_by_project called with project_id: proj-f074bed6
DEBUG: notes::list_all returned 8 notes
DEBUG: list_notes returning 8 notes
DEBUG: SQL query succeeded, fetched 10 features
DEBUG: crud::features::get_by_project returned 10 features
DEBUG: Successfully loaded 10 features
DEBUG: EntityManager::get_tasks_by_project called with project_id: proj-f074bed6
DEBUG: crud::tasks::get_by_project called with project_id: proj-f074bed6
DEBUG: SQL query succeeded, fetched 10 tasks
DEBUG: crud::tasks::get_by_project returned 10 tasks
DEBUG: list_notes API called
DEBUG: EntityManager::list_notes called
DEBUG: About to get features for project: proj-f074bed6
DEBUG: EntityManager::get_features_by_project called with project_id: proj-f074bed6
DEBUG: crud::features::get_by_project called with project_id: proj-f074bed6
DEBUG: notes::list_all returned 8 notes
DEBUG: list_notes returning 8 notes
DEBUG: SQL query succeeded, fetched 10 features
DEBUG: crud::features::get_by_project returned 10 features
DEBUG: Successfully loaded 10 features
DEBUG: EntityManager::get_tasks_by_project called with project_id: proj-f074bed6
DEBUG: crud::tasks::get_by_project called with project_id: proj-f074bed6
DEBUG: SQL query succeeded, fetched 10 tasks
DEBUG: crud::tasks::get_by_project returned 10 tasks
DEBUG: list_notes API called
DEBUG: EntityManager::list_notes called
DEBUG: About to get features for project: proj-f074bed6
DEBUG: EntityManager::get_features_by_project called with project_id: proj-f074bed6
DEBUG: crud::features::get_by_project called with project_id: proj-f074bed6
DEBUG: notes::list_all returned 8 notes
DEBUG: list_notes returning 8 notes
DEBUG: SQL query succeeded, fetched 10 features
DEBUG: crud::features::get_by_project returned 10 features
DEBUG: Successfully loaded 10 features
DEBUG: EntityManager::get_tasks_by_project called with project_id: proj-f074bed6
DEBUG: crud::tasks::get_by_project called with project_id: proj-f074bed6
DEBUG: SQL query succeeded, fetched 10 tasks
DEBUG: crud::tasks::get_by_project returned 10 tasks
DEBUG: list_notes API called
DEBUG: EntityManager::list_notes called
DEBUG: About to get features for project: proj-f074bed6
DEBUG: EntityManager::get_features_by_project called with project_id: proj-f074bed6
DEBUG: crud::features::get_by_project called with project_id: proj-f074bed6
DEBUG: notes::list_all returned 8 notes
DEBUG: list_notes returning 8 notes
DEBUG: SQL query succeeded, fetched 10 features
DEBUG: crud::features::get_by_project returned 10 features
DEBUG: Successfully loaded 10 features
DEBUG: EntityManager::get_tasks_by_project called with project_id: proj-f074bed6
DEBUG: crud::tasks::get_by_project called with project_id: proj-f074bed6
DEBUG: SQL query succeeded, fetched 10 tasks
DEBUG: crud::tasks::get_by_project returned 10 tasks
DEBUG: list_notes API called
DEBUG: EntityManager::list_notes called
DEBUG: About to get features for project: proj-f074bed6
DEBUG: EntityManager::get_features_by_project called with project_id: proj-f074bed6
DEBUG: crud::features::get_by_project called with project_id: proj-f074bed6
DEBUG: notes::list_all returned 8 notes
DEBUG: list_notes returning 8 notes
DEBUG: SQL query succeeded, fetched 10 features
DEBUG: crud::features::get_by_project returned 10 features
DEBUG: Successfully loaded 10 features
DEBUG: EntityManager::get_tasks_by_project called with project_id: proj-f074bed6
DEBUG: crud::tasks::get_by_project called with project_id: proj-f074bed6
DEBUG: SQL query succeeded, fetched 10 tasks
DEBUG: crud::tasks::get_by_project returned 10 tasks
DEBUG: list_notes API called
DEBUG: EntityManager::list_notes called
DEBUG: About to get features for project: proj-f074bed6
DEBUG: EntityManager::get_features_by_project called with project_id: proj-f074bed6
DEBUG: crud::features::get_by_project called with project_id: proj-f074bed6
DEBUG: notes::list_all returned 8 notes
DEBUG: list_notes returning 8 notes
DEBUG: SQL query succeeded, fetched 10 features
DEBUG: crud::features::get_by_project returned 10 features
DEBUG: Successfully loaded 10 features
DEBUG: EntityManager::get_tasks_by_project called with project_id: proj-f074bed6
DEBUG: crud::tasks::get_by_project called with project_id: proj-f074bed6
DEBUG: SQL query succeeded, fetched 10 tasks
DEBUG: crud::tasks::get_by_project returned 10 tasks
DEBUG: list_notes API called
DEBUG: EntityManager::list_notes called
DEBUG: About to get features for project: proj-f074bed6
DEBUG: EntityManager::get_features_by_project called with project_id: proj-f074bed6
DEBUG: crud::features::get_by_project called with project_id: proj-f074bed6
DEBUG: notes::list_all returned 8 notes
DEBUG: list_notes returning 8 notes
DEBUG: SQL query succeeded, fetched 10 features
DEBUG: crud::features::get_by_project returned 10 features
DEBUG: Successfully loaded 10 features
DEBUG: EntityManager::get_tasks_by_project called with project_id: proj-f074bed6
DEBUG: crud::tasks::get_by_project called with project_id: proj-f074bed6
DEBUG: SQL query succeeded, fetched 10 tasks
DEBUG: crud::tasks::get_by_project returned 10 tasks
DEBUG: list_notes API called
DEBUG: EntityManager::list_notes called
DEBUG: About to get features for project: proj-f074bed6
DEBUG: EntityManager::get_features_by_project called with project_id: proj-f074bed6
DEBUG: crud::features::get_by_project called with project_id: proj-f074bed6
DEBUG: notes::list_all returned 8 notes
DEBUG: list_notes returning 8 notes
DEBUG: SQL query succeeded, fetched 10 features
DEBUG: crud::features::get_by_project returned 10 features
DEBUG: Successfully loaded 10 features
DEBUG: EntityManager::get_tasks_by_project called with project_id: proj-f074bed6
DEBUG: crud::tasks::get_by_project called with project_id: proj-f074bed6
DEBUG: SQL query succeeded, fetched 10 tasks
DEBUG: crud::tasks::get_by_project returned 10 tasks
DEBUG: list_notes API called
DEBUG: EntityManager::list_notes called
DEBUG: notes::list_all returned 8 notes
DEBUG: list_notes returning 8 notes
DEBUG: About to get features for project: proj-f074bed6
DEBUG: EntityManager::get_features_by_project called with project_id: proj-f074bed6
DEBUG: crud::features::get_by_project called with project_id: proj-f074bed6
DEBUG: SQL query succeeded, fetched 10 features
DEBUG: crud::features::get_by_project returned 10 features
DEBUG: Successfully loaded 10 features
DEBUG: EntityManager::get_tasks_by_project called with project_id: proj-f074bed6
DEBUG: crud::tasks::get_by_project called with project_id: proj-f074bed6
DEBUG: SQL query succeeded, fetched 10 tasks
DEBUG: crud::tasks::get_by_project returned 10 tasks
DEBUG: list_notes API called
DEBUG: EntityManager::list_notes called
DEBUG: notes::list_all returned 8 notes
DEBUG: list_notes returning 8 notes
DEBUG: About to get features for project: proj-f074bed6
DEBUG: EntityManager::get_features_by_project called with project_id: proj-f074bed6
DEBUG: crud::features::get_by_project called with project_id: proj-f074bed6
DEBUG: SQL query succeeded, fetched 10 features
DEBUG: crud::features::get_by_project returned 10 features
DEBUG: Successfully loaded 10 features
DEBUG: EntityManager::get_tasks_by_project called with project_id: proj-f074bed6
DEBUG: crud::tasks::get_by_project called with project_id: proj-f074bed6
DEBUG: SQL query succeeded, fetched 10 tasks
DEBUG: crud::tasks::get_by_project returned 10 tasks
DEBUG: list_notes API called
DEBUG: EntityManager::list_notes called
DEBUG: About to get features for project: proj-f074bed6
DEBUG: EntityManager::get_features_by_project called with project_id: proj-f074bed6
DEBUG: crud::features::get_by_project called with project_id: proj-f074bed6
DEBUG: notes::list_all returned 8 notes
DEBUG: list_notes returning 8 notes
DEBUG: SQL query succeeded, fetched 10 features
DEBUG: crud::features::get_by_project returned 10 features
DEBUG: Successfully loaded 10 features
DEBUG: EntityManager::get_tasks_by_project called with project_id: proj-f074bed6
DEBUG: crud::tasks::get_by_project called with project_id: proj-f074bed6
DEBUG: SQL query succeeded, fetched 10 tasks
DEBUG: crud::tasks::get_by_project returned 10 tasks
DEBUG: list_notes API called
DEBUG: EntityManager::list_notes called
DEBUG: About to get features for project: proj-f074bed6
DEBUG: EntityManager::get_features_by_project called with project_id: proj-f074bed6
DEBUG: crud::features::get_by_project called with project_id: proj-f074bed6
DEBUG: notes::list_all returned 8 notes
DEBUG: list_notes returning 8 notes
DEBUG: SQL query succeeded, fetched 10 features
DEBUG: crud::features::get_by_project returned 10 features
DEBUG: Successfully loaded 10 features
DEBUG: EntityManager::get_tasks_by_project called with project_id: proj-f074bed6
DEBUG: crud::tasks::get_by_project called with project_id: proj-f074bed6
DEBUG: SQL query succeeded, fetched 10 tasks
DEBUG: crud::tasks::get_by_project returned 10 tasks
DEBUG: list_notes API called
DEBUG: EntityManager::list_notes called
DEBUG: About to get features for project: proj-f074bed6
DEBUG: EntityManager::get_features_by_project called with project_id: proj-f074bed6
DEBUG: crud::features::get_by_project called with project_id: proj-f074bed6
DEBUG: notes::list_all returned 8 notes
DEBUG: list_notes returning 8 notes
DEBUG: SQL query succeeded, fetched 10 features
DEBUG: crud::features::get_by_project returned 10 features
DEBUG: Successfully loaded 10 features
DEBUG: EntityManager::get_tasks_by_project called with project_id: proj-f074bed6
DEBUG: crud::tasks::get_by_project called with project_id: proj-f074bed6
DEBUG: SQL query succeeded, fetched 10 tasks
DEBUG: crud::tasks::get_by_project returned 10 tasks
DEBUG: list_notes API called
DEBUG: EntityManager::list_notes called
DEBUG: About to get features for project: proj-f074bed6
DEBUG: EntityManager::get_features_by_project called with project_id: proj-f074bed6
DEBUG: crud::features::get_by_project called with project_id: proj-f074bed6
DEBUG: notes::list_all returned 8 notes
DEBUG: list_notes returning 8 notes
DEBUG: SQL query succeeded, fetched 10 features
DEBUG: crud::features::get_by_project returned 10 features
DEBUG: Successfully loaded 10 features
DEBUG: EntityManager::get_tasks_by_project called with project_id: proj-f074bed6
DEBUG: crud::tasks::get_by_project called with project_id: proj-f074bed6
DEBUG: SQL query succeeded, fetched 10 tasks
DEBUG: crud::tasks::get_by_project returned 10 tasks
DEBUG: list_notes API called
DEBUG: EntityManager::list_notes called
DEBUG: About to get features for project: proj-f074bed6
DEBUG: EntityManager::get_features_by_project called with project_id: proj-f074bed6
DEBUG: crud::features::get_by_project called with project_id: proj-f074bed6
DEBUG: notes::list_all returned 8 notes
DEBUG: list_notes returning 8 notes
DEBUG: SQL query succeeded, fetched 10 features
DEBUG: crud::features::get_by_project returned 10 features
DEBUG: Successfully loaded 10 features
DEBUG: EntityManager::get_tasks_by_project called with project_id: proj-f074bed6
DEBUG: crud::tasks::get_by_project called with project_id: proj-f074bed6
DEBUG: SQL query succeeded, fetched 10 tasks
DEBUG: crud::tasks::get_by_project returned 10 tasks
DEBUG: list_notes API called
DEBUG: EntityManager::list_notes called
DEBUG: About to get features for project: proj-f074bed6
DEBUG: EntityManager::get_features_by_project called with project_id: proj-f074bed6
DEBUG: crud::features::get_by_project called with project_id: proj-f074bed6
DEBUG: notes::list_all returned 8 notes
DEBUG: list_notes returning 8 notes
DEBUG: SQL query succeeded, fetched 10 features
DEBUG: crud::features::get_by_project returned 10 features
DEBUG: Successfully loaded 10 features
DEBUG: EntityManager::get_tasks_by_project called with project_id: proj-f074bed6
DEBUG: crud::tasks::get_by_project called with project_id: proj-f074bed6
DEBUG: SQL query succeeded, fetched 10 tasks
DEBUG: crud::tasks::get_by_project returned 10 tasks
DEBUG: list_notes API called
DEBUG: EntityManager::list_notes called
DEBUG: notes::list_all returned 8 notes
DEBUG: list_notes returning 8 notes
DEBUG: About to get features for project: proj-f074bed6
DEBUG: EntityManager::get_features_by_project called with project_id: proj-f074bed6
DEBUG: crud::features::get_by_project called with project_id: proj-f074bed6
DEBUG: SQL query succeeded, fetched 10 features
DEBUG: crud::features::get_by_project returned 10 features
DEBUG: Successfully loaded 10 features
DEBUG: EntityManager::get_tasks_by_project called with project_id: proj-f074bed6
DEBUG: crud::tasks::get_by_project called with project_id: proj-f074bed6
DEBUG: SQL query succeeded, fetched 10 tasks
DEBUG: crud::tasks::get_by_project returned 10 tasks
DEBUG: list_notes API called
DEBUG: EntityManager::list_notes called
DEBUG: About to get features for project: proj-f074bed6
DEBUG: EntityManager::get_features_by_project called with project_id: proj-f074bed6
DEBUG: crud::features::get_by_project called with project_id: proj-f074bed6
DEBUG: notes::list_all returned 8 notes
DEBUG: list_notes returning 8 notes
DEBUG: SQL query succeeded, fetched 10 features
DEBUG: crud::features::get_by_project returned 10 features
DEBUG: Successfully loaded 10 features
DEBUG: EntityManager::get_tasks_by_project called with project_id: proj-f074bed6
DEBUG: crud::tasks::get_by_project called with project_id: proj-f074bed6
DEBUG: SQL query succeeded, fetched 10 tasks
DEBUG: crud::tasks::get_by_project returned 10 tasks
DEBUG: list_notes API called
DEBUG: EntityManager::list_notes called
DEBUG: About to get features for project: proj-f074bed6
DEBUG: EntityManager::get_features_by_project called with project_id: proj-f074bed6
DEBUG: crud::features::get_by_project called with project_id: proj-f074bed6
DEBUG: notes::list_all returned 8 notes
DEBUG: list_notes returning 8 notes
DEBUG: SQL query succeeded, fetched 10 features
DEBUG: crud::features::get_by_project returned 10 features
DEBUG: Successfully loaded 10 features
DEBUG: EntityManager::get_tasks_by_project called with project_id: proj-f074bed6
DEBUG: crud::tasks::get_by_project called with project_id: proj-f074bed6
DEBUG: SQL query succeeded, fetched 10 tasks
DEBUG: crud::tasks::get_by_project returned 10 tasks
DEBUG: list_notes API called
DEBUG: EntityManager::list_notes called
DEBUG: About to get features for project: proj-f074bed6
DEBUG: EntityManager::get_features_by_project called with project_id: proj-f074bed6
DEBUG: crud::features::get_by_project called with project_id: proj-f074bed6
DEBUG: notes::list_all returned 8 notes
DEBUG: list_notes returning 8 notes
DEBUG: SQL query succeeded, fetched 10 features
DEBUG: crud::features::get_by_project returned 10 features
DEBUG: Successfully loaded 10 features
DEBUG: EntityManager::get_tasks_by_project called with project_id: proj-f074bed6
DEBUG: crud::tasks::get_by_project called with project_id: proj-f074bed6
DEBUG: SQL query succeeded, fetched 10 tasks
DEBUG: crud::tasks::get_by_project returned 10 tasks
